# JRE version: Java(TM) SE Runtime Environment (8.0_271-b09) (build 1.8.0_271-b09)
# Java VM: Java HotSpot(TM) 64-Bit Server VM (25.271-b09 mixed mode windows-amd64 compressed oops)
Heap:
 PSYoungGen      total 530944K, used 530941K [0x00000000d6500000, 0x0000000100000000, 0x0000000100000000)
  eden space 390656K, 100% used [0x00000000d6500000,0x00000000ee280000,0x00000000ee280000)
  from space 140288K, 99% used [0x00000000ee280000,0x00000000f6b7f458,0x00000000f6b80000)
  to   space 152064K, 15% used [0x00000000f6b80000,0x00000000f82f7478,0x0000000100000000)
 ParOldGen       total 553472K, used 403198K [0x0000000082e00000, 0x00000000a4a80000, 0x00000000d6500000)
  object space 553472K, 72% used [0x0000000082e00000,0x000000009b7c1b50,0x00000000a4a80000)
 Metaspace       used 41505K, capacity 42034K, committed 42328K, reserved 1085440K
  class space    used 5352K, capacity 5461K, committed 5504K, reserved 1048576K
GC Heap History (10 events):
Event: 10.670 GC heap after
Heap after GC invocations=29 (full 5):
 PSYoungGen      total 474624K, used 120801K [0x00000000d6500000, 0x00000000fff80000, 0x0000000100000000)
  eden space 353792K, 0% used [0x00000000d6500000,0x00000000d6500000,0x00000000ebe80000)
  from space 120832K, 99% used [0x00000000f4f80000,0x00000000fc5786f0,0x00000000fc580000)
  to   space 148480K, 0% used [0x00000000ebe80000,0x00000000ebe80000,0x00000000f4f80000)
 ParOldGen       total 570880K, used 496148K [0x0000000082e00000, 0x00000000a5b80000, 0x00000000d6500000)
  object space 570880K, 86% used [0x0000000082e00000,0x00000000a1285370,0x00000000a5b80000)
 Metaspace       used 41495K, capacity 42034K, committed 42328K, reserved 1085440K
  class space    used 5351K, capacity 5461K, committed 5504K, reserved 1048576K
}
Event: 10.670 GC heap before
{Heap before GC invocations=30 (full 6):
 PSYoungGen      total 474624K, used 120801K [0x00000000d6500000, 0x00000000fff80000, 0x0000000100000000)
  eden space 353792K, 0% used [0x00000000d6500000,0x00000000d6500000,0x00000000ebe80000)
  from space 120832K, 99% used [0x00000000f4f80000,0x00000000fc5786f0,0x00000000fc580000)
  to   space 148480K, 0% used [0x00000000ebe80000,0x00000000ebe80000,0x00000000f4f80000)
 ParOldGen       total 570880K, used 496148K [0x0000000082e00000, 0x00000000a5b80000, 0x00000000d6500000)
  object space 570880K, 86% used [0x0000000082e00000,0x00000000a1285370,0x00000000a5b80000)
 Metaspace       used 41495K, capacity 42034K, committed 42328K, reserved 1085440K
  class space    used 5351K, capacity 5461K, committed 5504K, reserved 1048576K
Event: 11.184 GC heap after
Heap after GC invocations=30 (full 6):
 PSYoungGen      total 474624K, used 0K [0x00000000d6500000, 0x00000000fff80000, 0x0000000100000000)
  eden space 353792K, 0% used [0x00000000d6500000,0x00000000d6500000,0x00000000ebe80000)
  from space 120832K, 0% used [0x00000000f4f80000,0x00000000f4f80000,0x00000000fc580000)
  to   space 148480K, 0% used [0x00000000ebe80000,0x00000000ebe80000,0x00000000f4f80000)
 ParOldGen       total 553472K, used 294964K [0x0000000082e00000, 0x00000000a4a80000, 0x00000000d6500000)
  object space 553472K, 53% used [0x0000000082e00000,0x0000000094e0d120,0x00000000a4a80000)
 Metaspace       used 41495K, capacity 42034K, committed 42328K, reserved 1085440K
  class space    used 5351K, capacity 5461K, committed 5504K, reserved 1048576K
}
Event: 11.502 GC heap before
{Heap before GC invocations=31 (full 6):
 PSYoungGen      total 474624K, used 353792K [0x00000000d6500000, 0x00000000fff80000, 0x0000000100000000)
  eden space 353792K, 100% used [0x00000000d6500000,0x00000000ebe80000,0x00000000ebe80000)
  from space 120832K, 0% used [0x00000000f4f80000,0x00000000f4f80000,0x00000000fc580000)
  to   space 148480K, 0% used [0x00000000ebe80000,0x00000000ebe80000,0x00000000f4f80000)
 ParOldGen       total 553472K, used 294964K [0x0000000082e00000, 0x00000000a4a80000, 0x00000000d6500000)
  object space 553472K, 53% used [0x0000000082e00000,0x0000000094e0d120,0x00000000a4a80000)
 Metaspace       used 41495K, capacity 42034K, committed 42328K, reserved 1085440K
  class space    used 5351K, capacity 5461K, committed 5504K, reserved 1048576K
Event: 11.547 GC heap after
Heap after GC invocations=31 (full 6):
 PSYoungGen      total 502272K, used 64738K [0x00000000d6500000, 0x0000000100000000, 0x0000000100000000)
  eden space 353792K, 0% used [0x00000000d6500000,0x00000000d6500000,0x00000000ebe80000)
  from space 148480K, 43% used [0x00000000ebe80000,0x00000000efdb8a30,0x00000000f4f80000)
  to   space 143872K, 0% used [0x00000000f7380000,0x00000000f7380000,0x0000000100000000)
 ParOldGen       total 553472K, used 294964K [0x0000000082e00000, 0x00000000a4a80000, 0x00000000d6500000)
  object space 553472K, 53% used [0x0000000082e00000,0x0000000094e0d120,0x00000000a4a80000)
 Metaspace       used 41495K, capacity 42034K, committed 42328K, reserved 1085440K
  class space    used 5351K, capacity 5461K, committed 5504K, reserved 1048576K
}
Event: 11.855 GC heap before
{Heap before GC invocations=32 (full 6):
 PSYoungGen      total 502272K, used 418530K [0x00000000d6500000, 0x0000000100000000, 0x0000000100000000)
  eden space 353792K, 100% used [0x00000000d6500000,0x00000000ebe80000,0x00000000ebe80000)
  from space 148480K, 43% used [0x00000000ebe80000,0x00000000efdb8a30,0x00000000f4f80000)
  to   space 143872K, 0% used [0x00000000f7380000,0x00000000f7380000,0x0000000100000000)
 ParOldGen       total 553472K, used 294964K [0x0000000082e00000, 0x00000000a4a80000, 0x00000000d6500000)
  object space 553472K, 53% used [0x0000000082e00000,0x0000000094e0d120,0x00000000a4a80000)
 Metaspace       used 41495K, capacity 42034K, committed 42328K, reserved 1085440K
  class space    used 5351K, capacity 5461K, committed 5504K, reserved 1048576K
Event: 11.903 GC heap after
Heap after GC invocations=32 (full 6):
 PSYoungGen      total 522752K, used 66978K [0x00000000d6500000, 0x00000000ff480000, 0x0000000100000000)
  eden space 390656K, 0% used [0x00000000d6500000,0x00000000d6500000,0x00000000ee280000)
  from space 132096K, 50% used [0x00000000f7380000,0x00000000fb4e8a30,0x00000000ff480000)
  to   space 140288K, 0% used [0x00000000ee280000,0x00000000ee280000,0x00000000f6b80000)
 ParOldGen       total 553472K, used 294964K [0x0000000082e00000, 0x00000000a4a80000, 0x00000000d6500000)
  object space 553472K, 53% used [0x0000000082e00000,0x0000000094e0d120,0x00000000a4a80000)
 Metaspace       used 41495K, capacity 42034K, committed 42328K, reserved 1085440K
  class space    used 5351K, capacity 5461K, committed 5504K, reserved 1048576K
}
Event: 12.767 GC heap before
{Heap before GC invocations=33 (full 6):
 PSYoungGen      total 522752K, used 457634K [0x00000000d6500000, 0x00000000ff480000, 0x0000000100000000)
  eden space 390656K, 100% used [0x00000000d6500000,0x00000000ee280000,0x00000000ee280000)
  from space 132096K, 50% used [0x00000000f7380000,0x00000000fb4e8a30,0x00000000ff480000)
  to   space 140288K, 0% used [0x00000000ee280000,0x00000000ee280000,0x00000000f6b80000)
 ParOldGen       total 553472K, used 294964K [0x0000000082e00000, 0x00000000a4a80000, 0x00000000d6500000)
  object space 553472K, 53% used [0x0000000082e00000,0x0000000094e0d120,0x00000000a4a80000)
 Metaspace       used 41505K, capacity 42034K, committed 42328K, reserved 1085440K
  class space    used 5352K, capacity 5461K, committed 5504K, reserved 1048576K
Event: 12.852 GC heap after
Heap after GC invocations=33 (full 6):
 PSYoungGen      total 530944K, used 140285K [0x00000000d6500000, 0x0000000100000000, 0x0000000100000000)
  eden space 390656K, 0% used [0x00000000d6500000,0x00000000d6500000,0x00000000ee280000)
  from space 140288K, 99% used [0x00000000ee280000,0x00000000f6b7f458,0x00000000f6b80000)
  to   space 152064K, 0% used [0x00000000f6b80000,0x00000000f6b80000,0x0000000100000000)
 ParOldGen       total 553472K, used 337628K [0x0000000082e00000, 0x00000000a4a80000, 0x00000000d6500000)
  object space 553472K, 61% used [0x0000000082e00000,0x00000000977b7120,0x00000000a4a80000)
 Metaspace       used 41505K, capacity 42034K, committed 42328K, reserved 1085440K
  class space    used 5352K, capacity 5461K, committed 5504K, reserved 1048576K
}
Event: 13.213 GC heap before
{Heap before GC invocations=34 (full 6):
 PSYoungGen      total 530944K, used 530941K [0x00000000d6500000, 0x0000000100000000, 0x0000000100000000)
  eden space 390656K, 100% used [0x00000000d6500000,0x00000000ee280000,0x00000000ee280000)
  from space 140288K, 99% used [0x00000000ee280000,0x00000000f6b7f458,0x00000000f6b80000)
  to   space 152064K, 0% used [0x00000000f6b80000,0x00000000f6b80000,0x0000000100000000)
 ParOldGen       total 553472K, used 337628K [0x0000000082e00000, 0x00000000a4a80000, 0x00000000d6500000)
  object space 553472K, 61% used [0x0000000082e00000,0x00000000977b7120,0x00000000a4a80000)
 Metaspace       used 41505K, capacity 42034K, committed 42328K, reserved 1085440K
  class space    used 5352K, capacity 5461K, committed 5504K, reserved 1048576K

